{"level":"info","message":"Recruiter: GET APPLICATIONS FOR JOB ID: 6478004c-e357-4fbc-bff7-c5d0047852e0","timestamp":"2026-02-26T17:20:45.532Z"}
{"level":"info","message":"Utility: IDENTIFYING USER BY COOKIES","timestamp":"2026-02-26T17:20:45.546Z"}
{"level":"info","message":"Utility: SESSION FOUND FOR USER ID: eKpxnY6R3miIWTQTBFp4qgLRakzVOM0c","timestamp":"2026-02-26T17:20:47.238Z"}
{"level":"info","message":"Utility: ORGANIZATION IDENTIFIED: 37n5FTPZUWPniAZhFBqvnYdsv14GlHmp","timestamp":"2026-02-26T17:20:48.864Z"}
{"level":"info","message":"Recruiter: ORGANIZATION ID: 37n5FTPZUWPniAZhFBqvnYdsv14GlHmp","timestamp":"2026-02-26T17:20:48.868Z"}
{"level":"info","message":"Recruiter: RETURNED 8 APPLICATIONS","timestamp":"2026-02-26T17:20:49.168Z"}
{"level":"info","message":"Recruiter: GET APPLICATIONS FOR JOB ID: 6478004c-e357-4fbc-bff7-c5d0047852e0","timestamp":"2026-02-26T19:07:07.703Z"}
{"level":"info","message":"Utility: IDENTIFYING USER BY COOKIES","timestamp":"2026-02-26T19:07:07.714Z"}
{"level":"info","message":"Utility: SESSION FOUND FOR USER ID: eKpxnY6R3miIWTQTBFp4qgLRakzVOM0c","timestamp":"2026-02-26T19:07:08.828Z"}
{"level":"info","message":"Utility: ORGANIZATION IDENTIFIED: 37n5FTPZUWPniAZhFBqvnYdsv14GlHmp","timestamp":"2026-02-26T19:07:10.717Z"}
{"level":"info","message":"Recruiter: ORGANIZATION ID: 37n5FTPZUWPniAZhFBqvnYdsv14GlHmp","timestamp":"2026-02-26T19:07:10.718Z"}
{"level":"info","message":"Recruiter: RETURNED 8 APPLICATIONS","timestamp":"2026-02-26T19:07:11.011Z"}
{"level":"info","message":"Recruiter: CHATBOT INTERACTION FOR JOB ID: 6478004c-e357-4fbc-bff7-c5d0047852e0","timestamp":"2026-02-26T19:10:37.480Z"}
{"level":"info","message":"Recruiter: PROMPT: What is odd about these requests","timestamp":"2026-02-26T19:10:37.494Z"}
{"level":"info","message":"Recruiter: IDS: 2cbdf8ea-accf-4cb3-a511-2f7874dedf1b,3251f12f-0164-4d47-bba9-1a7ae65c5280,33db675b-0c00-430c-bd85-a21d7873223f,54a52b8c-e214-4e16-8f80-9067aa265f4b,67988fc0-18aa-4933-87b5-e267b45a21e4","timestamp":"2026-02-26T19:10:37.496Z"}
{"level":"info","message":"Recruiter: FOUND 4 APPLICANTS FOR AI CONTEXT","timestamp":"2026-02-26T19:10:38.613Z"}
{"level":"info","message":"Recruiter: AI RESPONSE GENERATED","timestamp":"2026-02-26T19:10:49.891Z"}
{"level":"info","message":"Recruiter: AI TEXT: Based on the data provided, there are several \"odd\" or suspicious things about these applicant records. They appear to be **duplicate submissions** or **test data** rather than four distinct applicants.\n\nHere are the specific oddities:\n\n### 1. The \"Sybil\" Attack (Multiple Identities)\nThe records are for the exact same person (**Kwame Mensah**) with the exact same phone number and professional history, but he has used **four slightly different email addresses**:\n*   `k_mensah.dev@example.com`\n*   `kmensah.dev@example.com`\n*   `kwame_mensah.dev@example.com`\n*   `kwame_mensah02.dev@example.com`\n\nThis is a common tactic used to bypass Applicant Tracking Systems (ATS) that prevent a user from applying to the same job twice using the same email.\n\n### 2. Inconsistent ATS Evaluations\nDespite the work experience, education, skills, and projects being **100% identical** across all four entries, the ATS (Automated Tracking System) output is inconsistent:\n*   **Varying Scores:** The scores fluctuate between **70/100** and **75/100** for the exact same resume data.\n*   **Varying Formats:** The system output for the first two is plain text/markdown, the third is a structured JSON block, and the fourth is a different JSON schema. This suggests an unstable or non-deterministic AI evaluation process.\n\n### 3. Rapid-Fire Processing\nAll four applications have a `last_updated_at` timestamp within the same second/millisecond range: **2026-02-26T01:48:30**. \n*   It is physically impossible for a human to submit four applications with different emails in the same second. \n*   This indicates either a **batch script** was run, a **bot** submitted them, or this is **test data** being injected into a database.\n\n### 4. Severe Seniority Mismatch\nThe applicant is a **Senior Full Stack Developer** with 6+ years of experience (graduated in 2018) and multiple advanced certifications (PMP, AWS Architect). However, he is applying for a **\"Graduate Trainee\"** role. \n*   As the ATS notes point out, he is extremely overqualified. It is \"odd\" for a Senior Developer with a PMP certification to apply for an entry-level trainee position.\n\n### 5. Placeholder Data\nThe telephone number is listed as **+233 24 000 0000** and all emails use the **@example.com** domain. This is a clear indicator that these are not real applicants, but rather **synthetic data** or **test cases** used to check how the system handles overqualified candidates or duplicate entries.\n\n### Summary\nThese records represent a **single \"Senior\" level entity** being submitted **four times simultaneously** with **minor email variations** to test how the system's AI scoring and duplicate detection handle the \"overqualified\" rejection logic.","timestamp":"2026-02-26T19:10:49.896Z"}
{"level":"info","message":"Recruiter: CHATBOT INTERACTION FOR JOB ID: 6478004c-e357-4fbc-bff7-c5d0047852e0","timestamp":"2026-02-26T19:19:29.663Z"}
{"level":"info","message":"Recruiter: PROMPT: What is odd about these requests","timestamp":"2026-02-26T19:19:29.675Z"}
{"level":"info","message":"Recruiter: IDS: 2cbdf8ea-accf-4cb3-a511-2f7874dedf1b,3251f12f-0164-4d47-bba9-1a7ae65c5280,33db675b-0c00-430c-bd85-a21d7873223f,54a52b8c-e214-4e16-8f80-9067aa265f4b,67988fc0-18aa-4933-87b5-e267b45a21e4","timestamp":"2026-02-26T19:19:29.677Z"}
{"level":"info","message":"Recruiter: FOUND 4 APPLICANTS FOR AI CONTEXT","timestamp":"2026-02-26T19:19:30.503Z"}
{"level":"info","message":"Recruiter: AI RESPONSE GENERATED","timestamp":"2026-02-26T19:19:41.009Z"}
{"level":"info","message":"Recruiter: AI TEXT: There are several oddities and red flags regarding these applicant records. They suggest either a technical bug, a \"bot\" application attack, or a simulation using synthetic data.\n\nHere is a breakdown of what is unusual:\n\n### 1. Multiple Identical \"Spam\" Applications\nAll four entries are for the **same person (Kwame Mensah)** with the **same background**, but using slightly different email addresses to bypass unique-identifier constraints:\n*   `k_mensah.dev@example.com`\n*   `kmensah.dev@example.com`\n*   `kwame_mensah.dev@example.com`\n*   `kwame_mensah02.dev@example.com`\n\nEverything else—the phone number, LinkedIn, GitHub, work history, and even the specific achievements—is identical. This is typical of a \"Sybil attack\" or a user trying to game an automated system.\n\n### 2. Extreme Overqualification (Senior vs. Trainee)\nThe applicant is a **Senior Full Stack Developer** with 6+ years of experience, a PMP certification, and an AWS Solutions Architect certification. However, they are applying for a **\"Graduate Trainee\"** position.\n*   This is a massive mismatch. It is highly irregular for someone leading teams of 5 and scaling APIs to apply for an entry-level trainee role meant for 2023/2024 graduates.\n\n### 3. Non-Deterministic ATS Scoring\nDespite the work experience and education being **100% identical** across all four entries, the \"ATS\" screening results vary:\n*   **Scores vary:** Two entries have a score of **75/100**, while the other two have a score of **70/100**.\n*   **Format varies:** The ATS output switches between plain text, Markdown with bold headers, and a structured JSON object.\n*   **Reasoning varies:** One ATS report suggests a \"Maybe\" for an interview, while others categorize him as a \"Low Match.\"\n\n### 4. Timestamp Anomalies\n*   **Future Dating:** The `last_updated_at` field is set to **February 26, 2026**.\n*   **Rapid Fire:** All four applications were processed/updated within **0.05 seconds** of each other (between `01:48:30.171` and `01:48:30.224`). No human or standard recruiter could review and reject four applications that quickly.\n\n### 5. Social Media Uniformity\nThe social media links (Dribbble, Behance, Facebook) are listed for a developer. While not impossible, it is rare for a \"Senior Full Stack Developer\" to have a fully maintained Dribbble and Behance (usually for designers) alongside a PMP and heavy AWS Cloud Architecture certifications.\n\n### Conclusion\nThese requests look like **test data for an automated hiring platform** or a **bug in a system** where an AI is being asked to evaluate the same resume multiple times to test for consistency (and failing to provide the same score each time).","timestamp":"2026-02-26T19:19:41.011Z"}
{"level":"info","message":"Recruiter: CHATBOT INTERACTION FOR JOB ID: 6478004c-e357-4fbc-bff7-c5d0047852e0","timestamp":"2026-02-26T19:23:18.348Z"}
{"level":"info","message":"Recruiter: PROMPT: What is odd about these requests","timestamp":"2026-02-26T19:23:18.360Z"}
{"level":"info","message":"Recruiter: IDS: 2cbdf8ea-accf-4cb3-a511-2f7874dedf1b,3251f12f-0164-4d47-bba9-1a7ae65c5280,33db675b-0c00-430c-bd85-a21d7873223f,54a52b8c-e214-4e16-8f80-9067aa265f4b,67988fc0-18aa-4933-87b5-e267b45a21e4","timestamp":"2026-02-26T19:23:18.361Z"}
{"level":"info","message":"Recruiter: FOUND 4 APPLICANTS FOR AI CONTEXT","timestamp":"2026-02-26T19:23:19.032Z"}
{"level":"info","message":"Recruiter: AI RESPONSE GENERATED","timestamp":"2026-02-26T19:23:29.345Z"}
{"level":"info","message":"Recruiter: AI TEXT: undefined","timestamp":"2026-02-26T19:23:29.359Z"}
{"level":"info","message":"Recruiter: CHATBOT INTERACTION FOR JOB ID: 6478004c-e357-4fbc-bff7-c5d0047852e0","timestamp":"2026-02-26T19:42:12.762Z"}
{"level":"info","message":"Recruiter: PROMPT: What is odd about these requests","timestamp":"2026-02-26T19:42:12.775Z"}
{"level":"info","message":"Recruiter: IDS: 2cbdf8ea-accf-4cb3-a511-2f7874dedf1b,3251f12f-0164-4d47-bba9-1a7ae65c5280,33db675b-0c00-430c-bd85-a21d7873223f,54a52b8c-e214-4e16-8f80-9067aa265f4b,67988fc0-18aa-4933-87b5-e267b45a21e4","timestamp":"2026-02-26T19:42:12.777Z"}
{"level":"info","message":"Recruiter: FOUND 4 APPLICANTS FOR AI CONTEXT","timestamp":"2026-02-26T19:42:14.592Z"}
{"level":"info","message":"Recruiter: AI RESPONSE GENERATED","timestamp":"2026-02-26T19:42:25.564Z"}
{"level":"info","message":"Recruiter: AI TEXT: undefined","timestamp":"2026-02-26T19:42:25.572Z"}
